Performing C SOURCE FILE Test CMAKE_HAVE_LIBC_PTHREAD failed with the following output:
Change Dir: /home/pi/sudo_team/build/CMakeFiles/CMakeTmp

Run Build Command(s):/usr/bin/make cmTC_42b1c/fast && /usr/bin/make  -f CMakeFiles/cmTC_42b1c.dir/build.make CMakeFiles/cmTC_42b1c.dir/build
make[1]: Entering directory '/home/pi/sudo_team/build/CMakeFiles/CMakeTmp'
Building C object CMakeFiles/cmTC_42b1c.dir/src.c.o
/usr/bin/cc   -DCMAKE_HAVE_LIBC_PTHREAD -o CMakeFiles/cmTC_42b1c.dir/src.c.o -c /home/pi/sudo_team/build/CMakeFiles/CMakeTmp/src.c
Linking C executable cmTC_42b1c
/usr/bin/cmake -E cmake_link_script CMakeFiles/cmTC_42b1c.dir/link.txt --verbose=1
/usr/bin/cc  -DCMAKE_HAVE_LIBC_PTHREAD -rdynamic CMakeFiles/cmTC_42b1c.dir/src.c.o -o cmTC_42b1c 
/usr/bin/ld: CMakeFiles/cmTC_42b1c.dir/src.c.o: in function `main':
src.c:(.text+0x34): undefined reference to `pthread_create'
/usr/bin/ld: src.c:(.text+0x3c): undefined reference to `pthread_detach'
/usr/bin/ld: src.c:(.text+0x44): undefined reference to `pthread_cancel'
/usr/bin/ld: src.c:(.text+0x50): undefined reference to `pthread_join'
collect2: error: ld returned 1 exit status
make[1]: *** [CMakeFiles/cmTC_42b1c.dir/build.make:106: cmTC_42b1c] Error 1
make[1]: Leaving directory '/home/pi/sudo_team/build/CMakeFiles/CMakeTmp'
make: *** [Makefile:140: cmTC_42b1c/fast] Error 2


Source file was:
#include <pthread.h>

void* test_func(void* data)
{
  return data;
}

int main(void)
{
  pthread_t thread;
  pthread_create(&thread, NULL, test_func, NULL);
  pthread_detach(thread);
  pthread_cancel(thread);
  pthread_join(thread, NULL);
  pthread_atfork(NULL, NULL, NULL);
  pthread_exit(NULL);

  return 0;
}

Determining if the function pthread_create exists in the pthreads failed with the following output:
Change Dir: /home/pi/sudo_team/build/CMakeFiles/CMakeTmp

Run Build Command(s):/usr/bin/make cmTC_fdbda/fast && /usr/bin/make  -f CMakeFiles/cmTC_fdbda.dir/build.make CMakeFiles/cmTC_fdbda.dir/build
make[1]: Entering directory '/home/pi/sudo_team/build/CMakeFiles/CMakeTmp'
Building C object CMakeFiles/cmTC_fdbda.dir/CheckFunctionExists.c.o
/usr/bin/cc   -DCHECK_FUNCTION_EXISTS=pthread_create -o CMakeFiles/cmTC_fdbda.dir/CheckFunctionExists.c.o -c /usr/share/cmake-3.18/Modules/CheckFunctionExists.c
Linking C executable cmTC_fdbda
/usr/bin/cmake -E cmake_link_script CMakeFiles/cmTC_fdbda.dir/link.txt --verbose=1
/usr/bin/cc  -DCHECK_FUNCTION_EXISTS=pthread_create -rdynamic CMakeFiles/cmTC_fdbda.dir/CheckFunctionExists.c.o -o cmTC_fdbda  -lpthreads 
/usr/bin/ld: cannot find -lpthreads
collect2: error: ld returned 1 exit status
make[1]: *** [CMakeFiles/cmTC_fdbda.dir/build.make:106: cmTC_fdbda] Error 1
make[1]: Leaving directory '/home/pi/sudo_team/build/CMakeFiles/CMakeTmp'
make: *** [Makefile:140: cmTC_fdbda/fast] Error 2



